"cone-wall-pressure-report-rfile"
"Iteration" "cone-wall-pressure-report"
("Iteration" "cone-wall-pressure-report")
1 83074.54628399186
2 83127.75867477802
3 81817.71567062226
4 80594.80445438105
5 79636.28919173489
6 79060.10248743612
7 78659.99421352283
8 78336.56725922524
9 78055.25330890666
10 77821.11091173453
11 77653.15334172589
12 77557.48265958641
13 77516.15886264588
14 77508.92378653324
15 77517.45314692195
16 77535.0603174557
17 77557.59494943246
18 77582.85028244038
19 77609.71053817721
20 77637.35431093472
21 77664.94848233761
22 77691.82379388204
23 77717.25117789749
24 77741.15581077238
25 77763.50488113088
26 77783.72637806836
27 77802.67042381302
28 77820.15219475521
29 77836.93478437662
30 77852.57189023738
31 77867.07859643735
32 77880.38306984758
33 77892.65203877907
34 77903.99801775713
35 77914.56289476781
36 77924.49826124917
37 77933.90939700801
38 77942.80103860493
39 77951.49697685744
40 77959.50942178813
41 77967.14619636085
42 77974.66733812951
43 77981.64787574972
44 77988.65518685919
45 77995.1722827662
46 78001.7737337359
47 78007.93687116684
48 78014.20893648062
49 78020.28897445129
50 78025.95173025392
51 78031.73773502745
52 78037.33426472229
53 78042.51458133323
54 78047.81307902024
55 78052.91323086669
56 78057.81659973308
57 78062.5233132217
58 78066.82208378657
59 78071.23380180028
60 78075.45649286313
61 78079.49551463171
62 78083.3699659613
63 78087.07434514884
64 78090.61386701815
65 78093.99647057621
66 78097.22178405338
67 78100.29363417972
68 78103.21754960412
69 78105.99814263276
70 78108.64448243576
71 78111.16179469285
72 78113.55840503126
73 78115.83136987739
74 78117.98147921042
75 78120.01861379803
76 78121.94715174801
77 78123.76557247256
78 78125.4719523128
79 78127.06923074908
80 78128.55769515599
81 78129.93366094158
82 78131.19809800833
83 78132.35770535791
84 78133.41103794238
85 78134.35668036387
86 78135.20290843832
87 78135.94854344994
88 78136.59637574153
89 78137.37376285571
90 78137.75873087067
91 78138.06102111428
92 78138.27474959666
93 78138.63053906619
94 78138.60249481219
95 78138.50136650736
96 78138.55805603792
97 78138.24373767148
98 78138.10111009431
99 78137.60612069888
100 78137.29476673699
101 78136.64019978051
102 78136.19240717082
103 78135.43492890042
104 78134.90031400819
105 78134.06263392817
106 78133.45990401387
107 78132.78766715893
108 78131.82741625822
109 78131.11205490086
110 78130.34250667632
111 78129.29072484696
112 78128.48441360444
113 78127.62507132403
114 78126.72666833174
115 78125.79980256832
116 78124.85178652537
117 78123.88801995631
118 78122.91488490655
119 78121.93673570536
120 78120.95847930925
121 78119.97869342475
122 78119.60936262496
123 78118.3124718847
124 78116.90462889595
125 78115.41527347328
126 78113.87364997486
127 78112.29357077811
128 78110.68359996651
129 78109.05362803313
130 78107.41496278826
131 78105.77894186019
132 78104.16188663086
133 78102.58001065638
134 78101.0516097934
135 78099.5954503439
136 78098.22930585728
137 78096.96846564476
138 78095.8270093719
139 78094.81512157286
140 78093.93972714018
141 78093.20503904481
142 78092.61176379662
143 78092.15726080767
144 78091.83658595529
145 78091.64163629756
146 78091.56273173516
147 78091.58842260658
148 78091.70711780801
149 78091.90615420481
150 78092.17245499539
151 78092.49402414229
152 78092.85946250535
153 78093.25818399378
154 78093.68079703661
155 78094.11918907284
156 78094.56728795213
157 78095.0202197606
158 78095.47415097781
159 78095.92633492674
160 78096.37420724473
161 78096.816751812
162 78097.25349848688
163 78097.68439135556
164 78098.10963939266
165 78098.52991058641
166 78098.94582015325
167 78099.35777041811
168 78099.76582601765
169 78100.17022998829
170 78100.57093791549
171 78100.96806213711
172 78101.36151378589
173 78101.75077175266
174 78102.13525882145
175 78102.51426853321
176 78102.88702993389
177 78103.25257571304
178 78103.6100461707
179 78103.95826223705
180 78104.29610016746
181 78104.62296456294
182 78104.93845847574
183 78105.24176499115
184 78105.53197946005
185 78105.80864081127
186 78106.07149220711
187 78106.32015744447
188 78106.55437125472
189 78106.77385300158
190 78106.97856836443
191 78107.16847771604
192 78107.34376283947
193 78107.50461115877
194 78107.65137834182
195 78107.78446689439
196 78107.90419990267
197 78108.01089033212
198 78108.10492659714
199 78108.18676634115
200 78108.25680045647
201 78108.3154663422
202 78108.36325861014
203 78108.4005415211
204 78108.42777446017
205 78108.44545063729
206 78108.45394283123
207 78108.45363196668
208 78108.44491540582
209 78108.42832296698
210 78108.40417165107
211 78108.37316868537
212 78108.33575823149
213 78108.29232917016
214 78108.24311752897
215 78108.1883581123
216 78108.12844067722
217 78108.06383210173
218 78107.9949793242
219 78107.92229591285
220 78107.84600092936
221 78107.76639897237
222 78107.68392108537
223 78107.59889807104
224 78107.51165344116
225 78107.42254539048
226 78107.33183829529
227 78107.23984006385
228 78107.14685278804
229 78107.05311368748
230 78106.95897636539
231 78106.86474233585
232 78106.77070377585
233 78106.67712106633
234 78106.5842055074
235 78106.49220347537
236 78106.40129230406
237 78106.31170182313
238 78106.22364038923
239 78106.13727461747
240 78106.05280281404
241 78105.97040456477
242 78105.89025465345
243 78105.81246735815
244 78105.7371661205
245 78105.66448366077
246 78105.59448938377
247 78105.52727059966
248 78105.46288976702
249 78105.40138350293
250 78105.34276658285
251 78105.28704499475
252 78105.23422238619
253 78105.1842916139
254 78105.13728134324
255 78105.09318802958
256 78105.05199570247
257 78105.01362378523
258 78104.97803422471
259 78104.94516616561
260 78104.91492153428
261 78104.88721378798
262 78104.86197214985
263 78104.83912031817
264 78104.81854235521
265 78104.80010982524
266 78104.78371928517
267 78104.76926177222
268 78104.75664977673
269 78104.74578206609
270 78104.73655433365
271 78104.72882506924
272 78104.72247053024
273 78104.71737466287
274 78104.71342193338
275 78104.71052208138
276 78104.70857332708
277 78104.70749104407
278 78104.70720323996
279 78104.70749414162
280 78104.70825793686
281 78104.709440347
282 78104.71097744894
283 78104.71281835801
284 78104.71490070265
285 78104.71716629187
286 78104.71954775043
287 78104.72218164343
288 78104.72494709861
