"wall-pressure-rfile"
"Iteration" "wall-pressure"
("Iteration" "wall-pressure")
1 108905.1090318027
2 108195.2742057063
3 107432.5980319931
4 106760.8905061422
5 106262.2647542411
6 105923.8977654033
7 105660.3741058127
8 105444.9008214078
9 105269.6931099532
10 105140.676913871
11 105057.5535183485
12 105012.3605760261
13 104987.9570378157
14 104974.7870183812
15 104969.2895227756
16 104970.6001382168
17 104977.0873576481
18 104987.0005494333
19 104998.9069340852
20 105012.2509963833
21 105025.558885794
22 105038.4949991975
23 105050.5494297604
24 105061.6498504963
25 105072.0274553825
26 105081.5757332729
27 105091.2427488262
28 105100.1817512605
29 105110.6840332585
30 105119.9199751109
31 105131.5206769344
32 105141.1833821352
33 105153.7200103533
34 105163.4994618384
35 105176.8656945316
36 105186.7705367311
37 105200.3498311365
38 105211.8793020509
39 105225.7676822224
40 105235.8343466861
41 105249.8611818775
42 105261.2718019782
43 105274.2054412224
44 105284.805792972
45 105298.7913563432
46 105310.1975229663
47 105322.4975188762
48 105333.2431740217
49 105345.6365227133
50 105355.5457541862
51 105367.7009533728
52 105377.8138489558
53 105389.6065734964
54 105399.3159492783
55 105410.0563076169
56 105419.2767861931
57 105429.0044742346
58 105437.335987363
59 105446.4494468537
60 105454.3035674733
61 105462.7239882438
62 105470.4479197189
63 105478.1067743235
64 105484.593927202
65 105492.4105024846
66 105497.9641682316
67 105505.2384623004
68 105510.550721757
69 105517.2461754174
70 105521.7184816809
71 105527.9649070629
72 105532.0474257976
73 105538.1137515199
74 105541.7450804699
75 105547.1693012625
76 105550.7251629895
77 105555.790102441
78 105559.310795796
79 105564.0435097453
80 105566.933502151
81 105571.4141596267
82 105574.6095948728
83 105578.4959241784
84 105580.8488107228
85 105585.0472106481
86 105587.4134582054
87 105591.0617032499
88 105593.4303580245
89 105596.7820678052
90 105598.6111655681
91 105601.9978867928
92 105603.8794047535
93 105606.8051972972
94 105608.7766721789
95 105611.5166199901
96 105613.0505773692
97 105615.9407743767
98 105617.6197349791
99 105620.103365029
100 105621.6980612756
101 105624.3468599315
102 105625.5644418446
103 105628.1581843456
104 105629.8294255599
105 105631.9978956163
106 105633.2716319266
107 105635.6053470196
108 105637.0123751745
109 105638.9347922607
110 105640.2229594272
111 105642.2472531828
112 105643.0891668538
113 105644.9887068085
114 105645.9575717336
115 105647.6619381305
116 105648.430092001
117 105649.6974812841
118 105650.5688401721
119 105651.6153743195
120 105652.0127630256
121 105653.1184156958
122 105653.2695831292
123 105654.1307507646
124 105654.0254326607
125 105654.6185134381
126 105654.4833037412
127 105654.4848372812
128 105654.046646804
129 105653.7300545935
130 105652.9614523632
131 105652.5409927954
132 105651.1193433914
133 105650.3722419492
134 105648.8694803137
135 105647.4844316724
136 105645.6444233339
137 105644.159233812
138 105641.6734207448
139 105639.8713489174
140 105637.3225747292
141 105634.9059357051
142 105632.0454458796
143 105629.5553303496
144 105626.075136396
145 105623.2971416283
146 105619.7878744658
147 105616.4280897368
148 105612.6467332714
149 105609.2593040896
150 105604.9102968877
151 105601.2990292276
152 105596.993024616
153 105592.8761285357
154 105588.3848128741
155 105584.3424842056
156 105579.3913711186
157 105575.2330324194
158 105570.4374772135
159 105565.8912838049
160 105561.0240711494
161 105556.6618365275
162 105551.4446827536
163 105547.0775486069
164 105542.1266826436
165 105537.4821120317
166 105532.5719129967
167 105528.2188985312
168 105523.0652439578
169 105518.8133156988
170 105514.0306784548
171 105509.6063875812
172 105504.9704208042
173 105500.9435434483
174 105496.1690336484
175 105492.3433972311
176 105488.0315661061
177 105484.1157987552
178 105480.020155148
179 105476.5581859891
180 105472.3684486222
181 105469.1405069019
182 105465.4381901662
183 105462.1396645754
184 105458.6694151823
185 105455.8385522017
186 105452.2872111975
187 105449.7030376167
188 105446.6541264515
189 105444.0179605101
190 105441.2198548475
191 105439.0676482769
192 105436.2037115137
193 105434.3073164961
194 105431.9550751238
195 105430.5406817742
196 105424.4625354795
197 105422.6722148785
198 105421.3749328822
199 105421.0094197222
200 105419.8630623718
201 105418.4980348504
202 105416.4764893864
203 105414.7495744277
204 105412.0070758088
205 105410.1586243153
206 105407.7335381117
207 105405.5976384807
208 105403.2541266627
209 105401.5077502006
210 105398.9839356869
211 105397.3530041495
212 105395.1147335976
213 105393.1534261448
214 105390.9028530891
215 105389.1791840377
216 105386.6345594727
217 105384.9770702397
218 105382.7959164736
219 105381.0167752787
220 105379.0856160648
221 105377.8335598739
222 105375.9045446694
223 105375.0154781164
224 105373.7368438811
225 105372.9616630362
226 105372.1178477263
227 105372.0091280622
228 105371.2543416481
229 105371.5336420333
230 105371.3948510653
231 105371.7033117003
232 105371.8657852782
233 105372.6651240343
234 105372.7084896116
235 105373.6664506901
236 105374.0740486784
237 105374.8033484418
238 105375.2647081105
239 105376.2483147787
240 105376.6220887678
241 105377.2619663373
242 105377.588595458
243 105378.4038697874
244 105378.3322691432
245 105379.0651141147
246 105379.1582496139
247 105379.4990622663
248 105379.7680154042
249 105379.723441575
250 105380.1767241982
251 105379.758047836
252 105380.1671927993
253 105379.9656764896
254 105380.046165685
255 105379.8412164232
256 105380.1632366183
257 105379.894375769
258 105379.9269595628
259 105379.691071962
260 105379.9961362139
261 105379.4702436365
262 105379.8092635656
263 105379.5722944084
264 105379.6469187174
265 105379.7113586414
266 105379.5212907946
267 105379.8834640846
268 105379.4242497943
269 105379.8363973489
270 105379.6763472237
271 105379.8295447838
272 105379.9722304026
273 105379.8585135489
274 105380.2934213501
275 105379.9020303699
276 105380.3759406984
277 105380.2714479183
278 105380.4729799576
279 105380.6571656204
280 105380.5773048109
281 105381.036781368
282 105380.9161903207
283 105381.1016635241
284 105381.0191858025
285 105381.4743383913
286 105381.3466127436
287 105381.5221124717
288 105381.4270079384
289 105381.8671135615
290 105381.7205985051
291 105381.8734874059
292 105381.7530505031
293 105382.1652745099
294 105381.989760039
295 105382.1129581958
296 105381.9620713274
297 105382.3435161309
298 105382.1370912025
299 105382.2300277852
300 105382.0494764304
301 105382.401786827
302 105382.1674182389
303 105382.232613405
304 105382.0241555947
305 105382.3485749112
306 105382.0856128878
307 105382.1224899709
308 105381.8864447424
309 105382.1841621895
310 105381.8955256563
311 105381.9079041245
312 105381.6485051731
313 105381.9243805
314 105381.6154882543
315 105381.6091637156
316 105381.3322647004
317 105381.5921914679
318 105381.2690105076
319 105381.2504983388
320 105380.9640610597
321 105381.2166069368
322 105380.8879390971
323 105380.865606279
324 105380.5768288979
325 105380.8283241807
326 105380.4995416923
327 105380.4777029669
328 105380.1897855496
329 105380.4428060932
330 105380.1160223795
331 105380.0966331334
332 105379.811274226
333 105380.0668712084
334 105379.7426321538
335 105379.7258627476
336 105379.4433095608
337 105379.7019141905
338 105379.3811632264
339 105379.3682164594
340 105379.0898202235
341 105379.3526883996
342 105379.0361509509
343 105379.027350267
344 105378.7523547054
345 105379.0188153197
346 105378.7059368424
347 105378.7008475982
348 105378.430088566
349 105378.7001809362
350 105378.3904590698
351 105378.3875995075
352 105378.1186140045
353 105378.3902622858
354 105378.0819204648
355 105378.0806936939
356 105377.8132318401
357 105378.0864143447
358 105377.7796055737
359 105377.7796760068
360 105377.5137234691
361 105377.7882126186
362 105377.4825491471
363 105377.4836619532
364 105377.2182499776
365 105377.4929912428
366 105377.1873518747
367 105377.1881218251
368 105376.9221739511
369 105377.1962091908
370 105376.8896373882
371 105376.8894832175
372 105376.6226312759
373 105376.8957433772
374 105376.5882638227
375 105376.5872745124
376 105376.3195198875
377 105376.5917230931
378 105376.283270748
379 105376.2811460077
380 105376.0122474191
381 105376.2831462351
382 105375.9732055362
383 105375.9693662263
384 105375.6983584549
385 105375.9668000192
386 105375.6540466518
387 105375.6470456673
388 105375.3725685643
389 105375.637263245
390 105375.3205912999
391 105375.309607137
392 105375.0311310941
393 105375.2918900924
394 105374.9713377282
395 105374.9565908854
396 105374.6744742999
397 105374.9317204438
398 105374.607680627
399 105374.5894583028
400 105374.3038267626
401 105374.5575808233
402 105374.2301203228
403 105374.2086193624
404 105373.919877595
405 105374.1707220526
406 105373.8405348753
407 105373.8165666761
408 105373.5256209193
409 105373.7745315383
410 105373.4427183192
411 105373.4174354803
412 105373.1255031471
413 105373.3737531446
414 105373.0415682148
415 105373.016188286
416 105372.7244628786
417 105372.9732494304
418 105372.6419315494
419 105372.6177587319
420 105372.3275971095
421 105372.5783629524
422 105372.249480266
423 105372.2281634685
424 105371.9412060915
425 105372.19543822
426 105371.8702437042
427 105371.8528307135
428 105371.5700207206
429 105371.828648116
430 105371.5081368366
431 105371.4957076183
432 105371.21815373
433 105371.4822631639
434 105371.1674316318
435 105371.1608721456
436 105370.8894078494
437 105371.1594713882
438 105370.8516681072
439 105370.8518014653
440 105370.5872844752
441 105370.8647658095
442 105370.5637222344
443 105370.5711458089
444 105370.3141927515
445 105370.599420621
446 105370.3066513647
447 105370.3220051692
448 105370.0728013374
449 105370.3657716002
450 105370.0803709058
451 105370.1034713619
452 105369.8621583713
453 105370.1629397192
454 105369.885282974
455 105369.916158371
456 105369.6824485589
457 105369.9906271573
458 105369.7202738896
459 105369.7583552535
460 105369.531702684
461 105369.8468604952
462 105369.583351923
463 105369.6280947387
464 105369.407931126
465 105369.7293669419
466 105369.4719812404
467 105369.5226774161
468 105369.3083250261
469 105369.6354114382
470 105369.3835127872
471 105369.4392255389
472 105369.2298749002
473 105369.5618221199
474 105369.3146074333
475 105369.3750655551
476 105369.1701625715
477 105369.5058660401
478 105369.2628271001
479 105369.3268965872
480 105369.1255193423
481 105369.4650199196
482 105369.2250496839
483 105369.2923008492
484 105369.0939936776
485 105369.4364407173
486 105369.1992899452
487 105369.2688042853
488 105369.0727194434
489 105369.4174433681
490 105369.1824674996
491 105369.2545679612
492 105369.0607104794
493 105369.4072015187
494 105369.1737888652
495 105369.2471472622
496 105369.0545416859
497 105369.4022766367
498 105369.1700474259
499 105369.2446570404
500 105369.053090059
501 105369.4017199567
502 105369.1702990387
503 105369.2456531089
504 105369.0548296855
505 105369.4041024624
506 105369.1737189728
507 105369.2492756148
508 105369.0586880817
509 105369.4082583594
510 105369.1776881076
511 105369.2533260306
512 105369.0628683887
513 105369.4127268508
514 105369.1824223619
515 105369.2585462753
516 105369.0684621007
517 105369.4181454657
518 105369.1882324342
519 105369.2646366215
520 105369.074732581
521 105369.4248717013
522 105369.1947812818
523 105369.2710374785
524 105369.0810496879
525 105369.4311817058
526 105369.2010780729
527 105369.2775796101
528 105369.0876787258
529 105369.4377608654
530 105369.2080105396
531 105369.2840749087
532 105369.0938636504
533 105369.4435216534
534 105369.2135057636
535 105369.2896911623
536 105369.0995615888
537 105369.4494219114
538 105369.2189840309
539 105369.295170854
540 105369.1049144369
541 105369.4547057591
542 105369.2242105844
543 105369.300331854
544 105369.1100067272
545 105369.4597173975
546 105369.2291375864
547 105369.3051678755
548 105369.1148231918
549 105369.4640998408
550 105369.2336911164
551 105369.3094832309
552 105369.1189533036
553 105369.4684778623
554 105369.2377293861
555 105369.3133580075
556 105369.1227150909
557 105369.4722025402
558 105369.2414315741
559 105369.3171223004
560 105369.1265240805
561 105369.4760171572
562 105369.245216424
563 105369.3210112446
564 105369.1303489362
565 105369.4797468859
566 105369.2488737902
567 105369.3244833919
568 105369.1338108751
569 105369.4832190209
570 105369.2523553681
571 105369.3279450873
572 105369.1372347714
573 105369.4866013687
574 105369.2556857387
575 105369.3313845038
576 105369.1406548231
577 105369.489948153
578 105369.258937699
579 105369.3345538101
580 105369.1437142957
581 105369.4929239623
582 105369.2618320968
583 105369.337376342
584 105369.1464798651
585 105369.4956400089
586 105369.2651792823
587 105369.3404566868
588 105369.1494245971
589 105369.4984018842
590 105369.2670920434
591 105369.3422373471
592 105369.1511347567
593 105369.5001814424
594 105369.2689488767
595 105369.3443673738
596 105369.1533862281
597 105369.5024304145
598 105369.2711657407
599 105369.3465342373
600 105369.155455595
601 105369.5044557437
602 105369.2738397564
603 105369.3489615603
604 105369.1577724072
605 105369.5066058892
606 105369.2751543144
607 105369.3501585852
608 105369.1589083159
609 105369.5078109289
610 105369.2764196502
611 105369.3516764344
612 105369.1605319129
613 105369.5094200858
614 105369.2780025637
615 105369.3532412143
616 105369.1620358254
617 105369.5109102809
618 105369.2801677902
619 105369.3551760295
620 105369.1638691368
621 105369.5125835484
622 105369.2810058933
623 105369.3561315923
624 105369.1648266184
625 105369.5136146599
626 105369.2821017292
627 105369.3572487697
628 105369.1659551887
629 105369.5147402487
630 105369.2832236462
631 105369.3583628114
632 105369.1670554299
633 105369.5314832666
634 105369.0156951725
635 105369.4143296657
636 105369.2048278831
637 105369.298889362
638 105369.3728806645
639 105369.1808563719
640 105369.5446825415
641 105369.0278846257
642 105369.4254573023
643 105369.2148657408
644 105369.3078389182
645 105369.380834741
646 105369.1882574387
647 105369.5511460475
648 105369.0334954527
649 105369.4303360383
650 105369.2190764181
651 105369.31150264
652 105369.3840448028
653 105369.1907116395
654 105369.5534283123
655 105369.0356197614
656 105369.4323215884
657 105369.2209088496
658 105369.3133798754
659 105369.3857531249
660 105369.1922870281
661 105369.5548312059
662 105369.0369397643
663 105369.4336031282
664 105369.2221233951
665 105369.3144083199
666 105369.3868624703
667 105369.1934682281
668 105369.5562051911
669 105369.0383821344
670 105369.4350578233
671 105369.2197889556
672 105369.5738180604
673 105369.050500591
674 105369.4436462802
675 105369.2259875688
676 105369.5783226253
677 105369.0537568543
678 105369.4459967623
679 105369.227844181
680 105369.5796814105
681 105369.0547424971
682 105369.4466991378
683 105369.2281833373
684 105369.5799911315
685 105369.055031623
686 105369.4469737593
687 105369.228457918
688 105369.5802749354
689 105369.0553279095
690 105369.4472884176
691 105369.2287971236
692 105369.5806414174
693 105369.0557187931
694 105369.4477027267
695 105369.229232018
696 105369.581093361
697 105369.056184683
698 105369.4481817528
699 105369.2297198459
700 105369.5815875153
701 105369.0566827951
702 105369.4486834529
703 105369.2302253785
704 105369.5820959914
705 105369.0571924575
706 105369.449195654
707 105369.2307377355
708 105369.5826065931
709 105369.0576999525
